<?xml version="1.0" encoding="UTF-8"?>
<!-- Generated by org.testng.reporters.JUnitReportReporter -->
<testsuite hostname="DESKTOP-A4RJ510" failures="0" tests="6" name="selenide.projeto.ElementosEspeciais" time="21.714" errors="0" timestamp="2020-10-11T15:36:13 BRT" skipped="5">
  <testcase classname="selenide.projeto.ElementosEspeciais" name="janelas" time="21.714"/>
  <system-out/>
  <testcase classname="selenide.projeto.ElementosEspeciais" name="iframe">
    <skipped/>
  </testcase> <!-- iframe -->
  <system-out/>
  <testcase classname="selenide.projeto.ElementosEspeciais" name="checkboxRadio">
    <skipped/>
  </testcase> <!-- checkboxRadio -->
  <system-out/>
  <testcase classname="selenide.projeto.ElementosEspeciais" name="alerts">
    <skipped/>
  </testcase> <!-- alerts -->
  <system-out/>
  <testcase classname="selenide.projeto.ElementosEspeciais" name="select">
    <skipped/>
  </testcase> <!-- select -->
  <system-out/>
  <testcase classname="selenide.projeto.ElementosEspeciais" name="multiselect">
    <skipped/>
  </testcase> <!-- multiselect -->
  <system-out/>
</testsuite> <!-- selenide.projeto.ElementosEspeciais -->
