<?xml version="1.0" encoding="UTF-8"?>
<!-- Generated by org.testng.reporters.JUnitReportReporter -->
<testsuite hostname="DESKTOP-A4RJ510" failures="0" tests="3" name="selenide.projeto.Colecoes" time="70.573" errors="0" timestamp="2020-10-10T18:11:18 BRT" skipped="1">
  <testcase classname="selenide.projeto.Colecoes" name="colecoes" time="47.848"/>
  <system-out/>
  <testcase classname="selenide.projeto.Colecoes" name="filtros" time="22.725"/>
  <system-out/>
  <testcase classname="selenide.projeto.Colecoes" name="assertions">
    <skipped/>
  </testcase> <!-- assertions -->
  <system-out/>
</testsuite> <!-- selenide.projeto.Colecoes -->
