<?xml version="1.0" encoding="UTF-8"?>
<!-- Generated by org.testng.reporters.JUnitReportReporter -->
<testsuite hostname="DESKTOP-A4RJ510" failures="0" tests="2" name="selenide.projeto.MetodosUteis" time="21.253" errors="0" timestamp="2020-10-07T23:12:07 BRT" skipped="1">
  <testcase classname="selenide.projeto.MetodosUteis" name="download" time="21.253"/>
  <system-out/>
  <testcase classname="selenide.projeto.MetodosUteis" name="upload">
    <skipped/>
  </testcase> <!-- upload -->
  <system-out/>
</testsuite> <!-- selenide.projeto.MetodosUteis -->
