<?xml version="1.0" encoding="UTF-8"?>
<!-- Generated by org.testng.reporters.JUnitReportReporter -->
<testsuite hostname="DESKTOP-A4RJ510" failures="0" tests="1" name="selenide.projeto.MetodosCondicionais" time="13.079" errors="0" timestamp="2020-10-07T22:41:47 BRT" skipped="0">
  <testcase classname="selenide.projeto.MetodosCondicionais" name="testCondicao2" time="13.079"/>
  <system-out/>
</testsuite> <!-- selenide.projeto.MetodosCondicionais -->
