<?xml version="1.0" encoding="UTF-8"?>
<!-- Generated by org.testng.reporters.JUnitReportReporter -->
<testsuite hostname="DESKTOP-A4RJ510" failures="0" tests="3" name="selenide.projeto.Selectors" time="36.296" errors="0" timestamp="2020-10-04T17:28:20 BRT" skipped="2">
  <testcase classname="selenide.projeto.Selectors" name="elementoFilho" time="36.296"/>
  <system-out/>
  <testcase classname="selenide.projeto.Selectors" name="teste">
    <skipped/>
  </testcase> <!-- teste -->
  <system-out/>
  <testcase classname="selenide.projeto.Selectors" name="amazonBR">
    <skipped/>
  </testcase> <!-- amazonBR -->
  <system-out/>
</testsuite> <!-- selenide.projeto.Selectors -->
