<?xml version="1.0" encoding="UTF-8"?>
<!-- Generated by org.testng.reporters.JUnitReportReporter -->
<testsuite hostname="DESKTOP-A4RJ510" failures="0" tests="2" name="selenide.projeto.MetodosStatus" time="25.649" errors="0" timestamp="2020-10-04T22:50:24 BRT" skipped="0">
  <testcase classname="selenide.projeto.MetodosStatus" name="cadastro" time="23.902"/>
  <system-out/>
  <testcase classname="selenide.projeto.MetodosStatus" name="status" time="1.747"/>
  <system-out/>
</testsuite> <!-- selenide.projeto.MetodosStatus -->
