<?xml version="1.0" encoding="UTF-8"?>
<!-- Generated by org.testng.reporters.JUnitReportReporter -->
<testsuite skipped="0" hostname="NOTE-JULIANNE" name="selenide.projeto.Selector" tests="1" failures="0" timestamp="2020-08-29T19:23:52 BRT" time="42.494" errors="0">
  <testcase name="teste" time="42.494" classname="selenide.projeto.Selector"/>
  <system-out/>
</testsuite> <!-- selenide.projeto.Selector -->
