<?xml version="1.0" encoding="UTF-8"?>
<!-- Generated by org.testng.reporters.JUnitReportReporter -->
<testsuite skipped="0" hostname="NOTE-JULIANNE" name="selenide.projeto.PrimeiroTeste" tests="1" failures="0" timestamp="2020-08-13T21:23:52 BRT" time="34.211" errors="0">
  <testcase name="teste" time="34.211" classname="selenide.projeto.PrimeiroTeste"/>
  <system-out/>
</testsuite> <!-- selenide.projeto.PrimeiroTeste -->
