<?xml version="1.0" encoding="UTF-8"?>
<!-- Generated by org.testng.reporters.JUnitReportReporter -->
<testsuite hostname="DESKTOP-A4RJ510" failures="0" tests="2" name="selenide.projeto.MetodosAcoes" time="26.179" errors="0" timestamp="2020-10-04T22:11:23 BRT" skipped="1">
  <testcase classname="selenide.projeto.MetodosAcoes" name="dragDrop" time="26.179"/>
  <system-out/>
  <testcase classname="selenide.projeto.MetodosAcoes" name="cadastro">
    <skipped/>
  </testcase> <!-- cadastro -->
  <system-out/>
</testsuite> <!-- selenide.projeto.MetodosAcoes -->
